2022-12-04 12:26:35 INFO  ProjectStartupHandler.runActivity(74) - ---------- Project opened ----------
2022-12-04 12:26:35 INFO  ProjectStartupHandler.runActivity(75) - ---------- Version 4.01 ----------

2022-12-04 12:26:35 INFO  ProjectStartupHandler.setAutoscrolls(346) - Autoscrolls successfully set
2022-12-04 12:26:35 INFO  ApacheHttpClient.isSessionAppropriateWithSecretKey(589) - The session is not set in the property file.
2022-12-04 12:26:35 INFO  ApacheHttpClient.logout(633) - Waiting for server response.
2022-12-04 12:26:35 INFO  ApacheHttpClient.logout(633) - Waiting for server response.
2022-12-04 12:26:35 INFO  ApacheHttpClient.login(250) - Waiting for server response.
2022-12-04 12:26:35 INFO  ApacheHttpClient.login(254) - responseCode = 200
2022-12-04 12:26:35 INFO  ApacheHttpClient.login(277) - JSESSIONID OK
2022-12-04 12:26:35 INFO  ApacheHttpClient.refreshUserInfo(305) - responseCode = 200
2022-12-04 12:26:35 INFO  ApacheHttpClient.refreshUserInfo(311) - User information received.
2022-12-04 12:26:35 INFO  ApacheHttpClient.startGA(36) - GAService started.
2022-12-04 12:34:58 INFO  ApacheHttpClient.getWebResourceAsStream(502) - responseCode = 200
2022-12-04 12:35:00 INFO  ApacheHttpClient.getFilteredTasks(336) - responseCode = 200
2022-12-04 12:35:05 INFO  ApacheHttpClient.getFilteredTasks(336) - responseCode = 200
2022-12-04 12:35:07 INFO  ApacheHttpClient.getTaskTemplateInfo(353) - responseCode = 200
2022-12-04 12:35:42 INFO  ProjectStartupHandler.projectClosing(155) - ---------- Project closed ----------

2022-12-04 12:35:42 INFO  ApacheHttpClient.getTask(488) - responseCode = 200
2022-12-04 12:35:43 INFO  ApacheHttpClient.getTask(488) - responseCode = 200
2022-12-04 12:35:43 INFO  ApacheHttpClient.getTask(488) - responseCode = 200
2022-12-04 12:35:43 INFO  ApacheHttpClient.getTask(488) - responseCode = 200
2022-12-04 12:35:43 INFO  PluginProjectService.dispose(41) - PluginProjectService for disposed.
2022-12-04 12:35:58 INFO  ProjectStartupHandler.runActivity(74) - ---------- Project opened ----------
2022-12-04 12:35:58 INFO  ProjectStartupHandler.runActivity(75) - ---------- Version 4.01 ----------

2022-12-04 12:35:58 INFO  ProjectStartupHandler.setAutoscrolls(346) - Autoscrolls successfully set
2022-12-04 12:35:58 INFO  ApacheHttpClient.isSessionAppropriateWithSecretKey(602) - Waiting for server response.
2022-12-04 12:35:58 INFO  ApacheHttpClient.refreshUserInfo(305) - responseCode = 200
2022-12-04 12:35:58 INFO  ApacheHttpClient.refreshUserInfo(311) - User information received.
2022-12-04 12:35:58 INFO  ApacheHttpClient.startGA(36) - GAService started.
2022-12-04 12:38:27 INFO  ProjectStartupHandler.projectClosing(155) - ---------- Project closed ----------

2022-12-04 12:38:27 INFO  ApacheHttpClient.getTask(488) - responseCode = 200
2022-12-04 12:38:27 INFO  ApacheHttpClient.getTask(488) - responseCode = 200
2022-12-04 12:38:27 INFO  ApacheHttpClient.getTask(488) - responseCode = 200
2022-12-04 12:38:27 INFO  PluginProjectService.dispose(41) - PluginProjectService for disposed.
2022-12-04 12:38:43 INFO  ProjectStartupHandler.runActivity(74) - ---------- Project opened ----------
2022-12-04 12:38:43 INFO  ProjectStartupHandler.runActivity(75) - ---------- Version 4.01 ----------

2022-12-04 12:38:43 INFO  ApacheHttpClient.isSessionAppropriateWithSecretKey(602) - Waiting for server response.
2022-12-04 12:38:43 INFO  ApacheHttpClient.refreshUserInfo(305) - responseCode = 200
2022-12-04 12:38:43 INFO  ApacheHttpClient.refreshUserInfo(311) - User information received.
2022-12-04 12:38:43 INFO  ApacheHttpClient.startGA(36) - GAService started.
2022-12-04 12:39:56 INFO  ProjectStartupHandler.projectClosing(155) - ---------- Project closed ----------

2022-12-04 12:39:56 INFO  ApacheHttpClient.getTask(488) - responseCode = 200
2022-12-04 12:39:56 INFO  PluginProjectService.dispose(41) - PluginProjectService for disposed.
2022-12-04 12:40:21 INFO  ProjectStartupHandler.runActivity(74) - ---------- Project opened ----------
2022-12-04 12:40:21 INFO  ProjectStartupHandler.runActivity(75) - ---------- Version 4.01 ----------

2022-12-04 12:40:21 INFO  ApacheHttpClient.isSessionAppropriateWithSecretKey(602) - Waiting for server response.
2022-12-04 12:40:22 INFO  ApacheHttpClient.refreshUserInfo(305) - responseCode = 200
2022-12-04 12:40:22 INFO  ApacheHttpClient.refreshUserInfo(311) - User information received.
2022-12-04 12:40:22 INFO  ApacheHttpClient.startGA(36) - GAService started.
2022-12-04 12:52:06 INFO  ApacheHttpClient.getWebResourceAsStream(502) - responseCode = 200
2022-12-04 12:56:18 INFO  ApacheHttpClient.getWebResourceAsStream(502) - responseCode = 200
2022-12-04 12:56:18 INFO  ApacheHttpClient.getTask(488) - responseCode = 200
2022-12-04 12:56:20 INFO  ApacheHttpClient.completed(32) - responseCode = 200
2022-12-04 12:56:20 INFO  ApacheHttpClient.getTask(488) - responseCode = 200
2022-12-04 13:37:59 INFO  PluginProjectService.<init>(33) - PluginProjectService for JavaRushTasks initiated.
2022-12-04 13:38:04 INFO  ApacheHttpClient.getWebResourceAsStream(502) - responseCode = 200
2022-12-04 13:38:04 INFO  ProjectStartupHandler.runActivity(74) - ---------- Project opened ----------
2022-12-04 13:38:04 INFO  ProjectStartupHandler.runActivity(75) - ---------- Version 4.01 ----------

2022-12-04 13:38:04 INFO  ApacheHttpClient.isSessionAppropriateWithSecretKey(602) - Waiting for server response.
2022-12-04 13:38:04 INFO  ApacheHttpClient.refreshUserInfo(305) - responseCode = 200
2022-12-04 13:38:04 INFO  ApacheHttpClient.refreshUserInfo(311) - User information received.
2022-12-04 13:38:04 INFO  ApacheHttpClient.startGA(36) - GAService started.
2022-12-04 13:39:55 INFO  PluginProjectService.dispose(41) - PluginProjectService for disposed.
2022-12-04 13:40:07 INFO  ApacheHttpClient.getWebResourceAsStream(502) - responseCode = 200
2022-12-04 13:40:07 INFO  PluginProjectService.<init>(33) - PluginProjectService for JavaRushTasks initiated.
2022-12-04 13:40:07 INFO  ProjectStartupHandler.runActivity(74) - ---------- Project opened ----------
2022-12-04 13:40:07 INFO  ProjectStartupHandler.runActivity(74) - ---------- Project opened ----------
2022-12-04 13:40:07 INFO  ProjectStartupHandler.runActivity(75) - ---------- Version 4.01 ----------

2022-12-04 13:40:07 INFO  ProjectStartupHandler.runActivity(75) - ---------- Version 4.01 ----------

2022-12-04 13:40:07 INFO  ApacheHttpClient.isSessionAppropriateWithSecretKey(602) - Waiting for server response.
2022-12-04 13:40:07 INFO  ApacheHttpClient.isSessionAppropriateWithSecretKey(602) - Waiting for server response.
2022-12-04 13:40:07 INFO  ApacheHttpClient.logout(633) - Waiting for server response.
2022-12-04 13:40:07 INFO  ApacheHttpClient.logout(633) - Waiting for server response.
2022-12-04 13:40:07 INFO  ApacheHttpClient.login(250) - Waiting for server response.
2022-12-04 13:40:07 INFO  ApacheHttpClient.login(250) - Waiting for server response.
2022-12-04 13:40:07 INFO  ApacheHttpClient.login(254) - responseCode = 200
2022-12-04 13:40:07 INFO  ApacheHttpClient.login(254) - responseCode = 200
2022-12-04 13:40:07 INFO  ApacheHttpClient.login(277) - JSESSIONID OK
2022-12-04 13:40:07 INFO  ApacheHttpClient.login(277) - JSESSIONID OK
2022-12-04 13:40:07 INFO  ApacheHttpClient.refreshUserInfo(305) - responseCode = 200
2022-12-04 13:40:07 INFO  ApacheHttpClient.refreshUserInfo(305) - responseCode = 200
2022-12-04 13:40:07 INFO  ApacheHttpClient.refreshUserInfo(311) - User information received.
2022-12-04 13:40:07 INFO  ApacheHttpClient.refreshUserInfo(311) - User information received.
2022-12-04 13:40:07 INFO  ApacheHttpClient.startGA(36) - GAService started.
2022-12-04 13:40:07 INFO  ApacheHttpClient.startGA(36) - GAService started.
2022-12-04 13:40:16 INFO  PluginProjectService.dispose(41) - PluginProjectService for disposed.
2022-12-04 13:40:16 INFO  PluginProjectService.dispose(41) - PluginProjectService for disposed.
2022-12-04 13:41:49 INFO  ProjectStartupHandler.projectClosing(155) - ---------- Project closed ----------

2022-12-04 13:41:49 INFO  ProjectStartupHandler.projectClosing(155) - ---------- Project closed ----------

2022-12-04 13:41:49 INFO  PluginProjectService.dispose(41) - PluginProjectService for disposed.
2022-12-04 13:41:49 INFO  PluginProjectService.dispose(41) - PluginProjectService for disposed.
2022-12-04 13:42:17 INFO  ProjectStartupHandler.runActivity(74) - ---------- Project opened ----------
2022-12-04 13:42:17 INFO  ProjectStartupHandler.runActivity(75) - ---------- Version 4.01 ----------

2022-12-04 13:42:17 INFO  ApacheHttpClient.isSessionAppropriateWithSecretKey(602) - Waiting for server response.
2022-12-04 13:42:17 INFO  ApacheHttpClient.refreshUserInfo(305) - responseCode = 200
2022-12-04 13:42:17 INFO  ApacheHttpClient.refreshUserInfo(311) - User information received.
2022-12-04 13:42:17 INFO  ApacheHttpClient.startGA(36) - GAService started.
2022-12-04 13:45:57 INFO  ApacheHttpClient.getWebResourceAsStream(502) - responseCode = 200
2022-12-04 13:46:04 INFO  ApacheHttpClient.getWebResourceAsStream(502) - responseCode = 200
2022-12-04 13:46:09 INFO  ApacheHttpClient.getWebResourceAsStream(502) - responseCode = 200
2022-12-04 13:46:09 INFO  PluginProjectService.<init>(33) - PluginProjectService for JavaRushTasks initiated.
2022-12-04 13:46:09 INFO  ProjectStartupHandler.runActivity(74) - ---------- Project opened ----------
2022-12-04 13:46:09 INFO  ProjectStartupHandler.runActivity(75) - ---------- Version 4.01 ----------

2022-12-04 13:46:09 INFO  ApacheHttpClient.isSessionAppropriateWithSecretKey(602) - Waiting for server response.
2022-12-04 13:46:10 INFO  ApacheHttpClient.refreshUserInfo(305) - responseCode = 200
2022-12-04 13:46:10 INFO  ApacheHttpClient.refreshUserInfo(311) - User information received.
2022-12-04 13:46:10 INFO  ApacheHttpClient.startGA(36) - GAService started.
2022-12-04 13:46:15 INFO  ApacheHttpClient.getWebResourceAsStream(502) - responseCode = 200
2022-12-04 13:46:16 INFO  ApacheHttpClient.getFilteredTasks(336) - responseCode = 200
2022-12-04 13:46:19 INFO  ApacheHttpClient.getFilteredTasks(336) - responseCode = 200
2022-12-04 13:46:24 INFO  ApacheHttpClient.getFilteredTasks(336) - responseCode = 200
2022-12-04 13:46:27 INFO  ApacheHttpClient.getWebResourceAsStream(502) - responseCode = 200
2022-12-04 13:49:34 INFO  ApacheHttpClient.getWebResourceAsStream(502) - responseCode = 200
2022-12-04 13:49:36 INFO  ApacheHttpClient.getFilteredTasks(336) - responseCode = 200
2022-12-04 13:49:45 INFO  ApacheHttpClient.getWebResourceAsStream(502) - responseCode = 200
2022-12-04 13:50:40 INFO  PluginProjectService.dispose(41) - PluginProjectService for disposed.
2022-12-04 13:50:44 INFO  ProjectStartupHandler.projectClosing(155) - ---------- Project closed ----------

2022-12-04 13:50:44 INFO  PluginProjectService.dispose(41) - PluginProjectService for disposed.
2022-12-04 13:51:23 INFO  ProjectStartupHandler.runActivity(74) - ---------- Project opened ----------
2022-12-04 13:51:23 INFO  ProjectStartupHandler.runActivity(75) - ---------- Version 4.01 ----------

2022-12-04 13:51:23 INFO  ApacheHttpClient.isSessionAppropriateWithSecretKey(602) - Waiting for server response.
2022-12-04 13:51:23 INFO  ApacheHttpClient.refreshUserInfo(305) - responseCode = 200
2022-12-04 13:51:23 INFO  ApacheHttpClient.refreshUserInfo(311) - User information received.
2022-12-04 13:51:23 INFO  ApacheHttpClient.startGA(36) - GAService started.
2022-12-04 13:51:23 INFO  ApacheHttpClient.getWebResourceAsStream(502) - responseCode = 200
2022-12-04 13:51:23 INFO  ProjectStartupHandler.runActivity(74) - ---------- Project opened ----------
2022-12-04 13:51:23 INFO  ProjectStartupHandler.runActivity(75) - ---------- Version 4.01 ----------

2022-12-04 13:51:23 INFO  ApacheHttpClient.isSessionAppropriateWithSecretKey(602) - Waiting for server response.
2022-12-04 13:51:23 INFO  ApacheHttpClient.refreshUserInfo(305) - responseCode = 200
2022-12-04 13:51:23 INFO  ApacheHttpClient.refreshUserInfo(311) - User information received.
2022-12-04 13:51:23 INFO  ApacheHttpClient.startGA(36) - GAService started.
2022-12-04 13:58:05 INFO  ProjectStartupHandler.projectClosing(155) - ---------- Project closed ----------

2022-12-04 13:58:06 INFO  ApacheHttpClient.getTask(488) - responseCode = 200
2022-12-04 13:58:06 INFO  ApacheHttpClient.getTask(488) - responseCode = 200
2022-12-04 13:58:06 INFO  PluginProjectService.dispose(41) - PluginProjectService for disposed.
2022-12-04 14:05:13 INFO  PluginProjectService.dispose(41) - PluginProjectService for disposed.
2022-12-04 14:05:29 INFO  ProjectStartupHandler.runActivity(74) - ---------- Project opened ----------
2022-12-04 14:05:29 INFO  ProjectStartupHandler.runActivity(75) - ---------- Version 4.01 ----------

2022-12-04 14:05:29 INFO  ApacheHttpClient.isSessionAppropriateWithSecretKey(602) - Waiting for server response.
2022-12-04 14:05:29 INFO  ApacheHttpClient.refreshUserInfo(305) - responseCode = 200
2022-12-04 14:05:29 INFO  ApacheHttpClient.refreshUserInfo(311) - User information received.
2022-12-04 14:05:29 INFO  ApacheHttpClient.startGA(36) - GAService started.
2022-12-04 14:06:39 INFO  ProjectStartupHandler.projectClosing(155) - ---------- Project closed ----------

2022-12-04 14:06:39 INFO  PluginProjectService.dispose(41) - PluginProjectService for disposed.
2022-12-04 14:07:11 INFO  ProjectStartupHandler.runActivity(74) - ---------- Project opened ----------
2022-12-04 14:07:11 INFO  ProjectStartupHandler.runActivity(75) - ---------- Version 4.01 ----------

2022-12-04 14:07:11 INFO  ApacheHttpClient.isSessionAppropriateWithSecretKey(602) - Waiting for server response.
2022-12-04 14:07:11 INFO  ApacheHttpClient.refreshUserInfo(305) - responseCode = 200
2022-12-04 14:07:11 INFO  ApacheHttpClient.refreshUserInfo(311) - User information received.
2022-12-04 14:07:11 INFO  ApacheHttpClient.startGA(36) - GAService started.
2022-12-04 14:07:29 INFO  ApacheHttpClient.getWebResourceAsStream(502) - responseCode = 200
2022-12-04 14:07:31 INFO  ApacheHttpClient.getFilteredTasks(336) - responseCode = 200
2022-12-04 14:07:38 INFO  ApacheHttpClient.getFilteredTasks(336) - responseCode = 200
2022-12-04 14:07:41 INFO  ApacheHttpClient.getFilteredTasks(336) - responseCode = 200
2022-12-04 14:07:46 INFO  ApacheHttpClient.getTaskTemplateInfo(353) - responseCode = 200
2022-12-04 14:07:46 INFO  TaskInfoSelectorMouseListener.createDirectoryRecursive(78) - File created :C:/Java/JavaRushTasks/2.JavaCore/src/com/javarush/task/jdk13/task34/task3410
2022-12-04 14:08:15 INFO  ProjectStartupHandler.projectClosing(155) - ---------- Project closed ----------

2022-12-04 14:08:15 INFO  ApacheHttpClient.getTask(488) - responseCode = 200
2022-12-04 14:08:16 INFO  PluginProjectService.dispose(41) - PluginProjectService for disposed.
2022-12-04 14:25:32 INFO  ProjectStartupHandler.runActivity(74) - ---------- Project opened ----------
2022-12-04 14:25:32 INFO  ProjectStartupHandler.runActivity(75) - ---------- Version 4.01 ----------

2022-12-04 14:25:32 INFO  ApacheHttpClient.isSessionAppropriateWithSecretKey(602) - Waiting for server response.
2022-12-04 14:25:32 INFO  ApacheHttpClient.refreshUserInfo(305) - responseCode = 200
2022-12-04 14:25:32 INFO  ApacheHttpClient.refreshUserInfo(311) - User information received.
2022-12-04 14:25:32 INFO  ApacheHttpClient.startGA(36) - GAService started.
2022-12-04 14:34:02 INFO  ApacheHttpClient.getWebResourceAsStream(502) - responseCode = 200
2022-12-04 14:34:02 INFO  ApacheHttpClient.getTask(488) - responseCode = 200
2022-12-04 14:42:54 INFO  ApacheHttpClient.getWebResourceAsStream(502) - responseCode = 200
2022-12-04 14:42:54 INFO  ApacheHttpClient.getTask(488) - responseCode = 200
2022-12-04 14:42:54 INFO  ApacheHttpClient.completed(32) - responseCode = 200
2022-12-04 14:45:12 INFO  ApacheHttpClient.getWebResourceAsStream(502) - responseCode = 200
2022-12-04 14:46:42 INFO  ApacheHttpClient.getWebResourceAsStream(502) - responseCode = 200
2022-12-04 14:46:42 INFO  ApacheHttpClient.getTask(488) - responseCode = 200
2022-12-04 14:46:43 INFO  ApacheHttpClient.completed(32) - responseCode = 200
2022-12-04 14:46:43 INFO  ApacheHttpClient.getTask(488) - responseCode = 200
